Using pre-set license
Built from '2020.2/staging' branch; Version is '2020.2.6f1 (8a2143876886) revision 9052483'; Using compiler version '192528614'; Build Type 'Release'
OS: 'Windows 10 Home; OS build 19042.804; Version 2009; 64bit' Language: 'en' Physical Memory: 16234 MB
BatchMode: 1, IsHumanControllingUs: 0, StartBugReporterOnCrash: 0, Is64bit: 1, IsPro: 0

 COMMAND LINE ARGUMENTS:
C:\Program Files\Unity\Hub\Editor\2020.2.6f1\Editor\Unity.exe
-adb2
-batchMode
-noUpm
-name
AssetImportWorker0
-projectPath
C:/Users/rafae/Documents/GitHub/Unity-07Scripting-08Arquitecture-01FunctionalSystems-02DesignProgrammingPatterns-Exercise01
-logFile
Logs/AssetImportWorker0.log
-srvPort
57768
Successfully changed project path to: C:/Users/rafae/Documents/GitHub/Unity-07Scripting-08Arquitecture-01FunctionalSystems-02DesignProgrammingPatterns-Exercise01
C:/Users/rafae/Documents/GitHub/Unity-07Scripting-08Arquitecture-01FunctionalSystems-02DesignProgrammingPatterns-Exercise01
Using Asset Import Pipeline V2.
Refreshing native plugins compatible for Editor in 15.79 ms, found 0 plugins.
Preloading 0 native plugins for Editor in 0.00 ms.
Initialize engine version: 2020.2.6f1 (8a2143876886)
[Subsystems] Discovering subsystems at path C:/Program Files/Unity/Hub/Editor/2020.2.6f1/Editor/Data/Resources/UnitySubsystems
[Subsystems] Discovering subsystems at path C:/Users/rafae/Documents/GitHub/Unity-07Scripting-08Arquitecture-01FunctionalSystems-02DesignProgrammingPatterns-Exercise01/Assets
GfxDevice: creating device client; threaded=0
Direct3D:
    Version:  Direct3D 11.0 [level 11.1]
    Renderer: NVIDIA GeForce RTX 2060 (ID=0x1f11)
    Vendor:   
    VRAM:     5980 MB
    Driver:   27.21.14.6172
Initialize mono
Mono path[0] = 'C:/Program Files/Unity/Hub/Editor/2020.2.6f1/Editor/Data/Managed'
Mono path[1] = 'C:/Program Files/Unity/Hub/Editor/2020.2.6f1/Editor/Data/MonoBleedingEdge/lib/mono/unityjit'
Mono config path = 'C:/Program Files/Unity/Hub/Editor/2020.2.6f1/Editor/Data/MonoBleedingEdge/etc'
Using monoOptions --debugger-agent=transport=dt_socket,embedding=1,server=y,suspend=n,address=127.0.0.1:56896
Begin MonoManager ReloadAssembly
Registering precompiled unity dll's ...
Register platform support module: C:/Program Files/Unity/Hub/Editor/2020.2.6f1/Editor/Data/PlaybackEngines/WebGLSupport/UnityEditor.WebGL.Extensions.dll
Register platform support module: C:/Program Files/Unity/Hub/Editor/2020.2.6f1/Editor/Data/PlaybackEngines/MacStandaloneSupport/UnityEditor.OSXStandalone.Extensions.dll
Register platform support module: C:/Program Files/Unity/Hub/Editor/2020.2.6f1/Editor/Data/PlaybackEngines/WindowsStandaloneSupport/UnityEditor.WindowsStandalone.Extensions.dll
Register platform support module: C:/Program Files/Unity/Hub/Editor/2020.2.6f1/Editor/Data/PlaybackEngines/LinuxStandaloneSupport/UnityEditor.LinuxStandalone.Extensions.dll
Register platform support module: C:/Program Files/Unity/Hub/Editor/2020.2.6f1/Editor/Data/PlaybackEngines/LuminSupport/UnityEditor.Lumin.Extensions.dll
Registered in 0.003279 seconds.
Native extension for Lumin target not found
Native extension for LinuxStandalone target not found
Native extension for WindowsStandalone target not found
Native extension for OSXStandalone target not found
Native extension for WebGL target not found
Refreshing native plugins compatible for Editor in 22.69 ms, found 0 plugins.
Preloading 0 native plugins for Editor in 0.00 ms.
Invoked RoslynAnalysisRunner static constructor.
RoslynAnalysisRunner will not be running.
RoslynAnalysisRunner has terminated.
Mono: successfully reloaded assembly
- Completed reload, in  1.690 seconds
Platform modules already initialized, skipping
Registering precompiled user dll's ...
Registered in 0.000546 seconds.
Begin MonoManager ReloadAssembly
Native extension for Lumin target not found
Native extension for LinuxStandalone target not found
Native extension for WindowsStandalone target not found
Native extension for OSXStandalone target not found
Native extension for WebGL target not found
Refreshing native plugins compatible for Editor in 0.12 ms, found 0 plugins.
Preloading 0 native plugins for Editor in 0.00 ms.
Invoked RoslynAnalysisRunner static constructor.
RoslynAnalysisRunner will not be running.
RoslynAnalysisRunner has terminated.
Mono: successfully reloaded assembly
- Completed reload, in  0.656 seconds
Platform modules already initialized, skipping
========================================================================
Worker process is ready to serve import requests
Launched and connected shader compiler UnityShaderCompiler.exe after 0.05 seconds
Refreshing native plugins compatible for Editor in 0.13 ms, found 0 plugins.
Preloading 0 native plugins for Editor in 0.00 ms.
Unloading 699 Unused Serialized files (Serialized files now loaded: 0)
System memory in use before: 45.3 MB.
System memory in use after: 45.3 MB.

Unloading 8 unused Assets to reduce memory usage. Loaded Objects now: 1142.
Total: 1.418500 ms (FindLiveObjects: 0.087400 ms CreateObjectMapping: 0.017700 ms MarkObjects: 1.265100 ms  DeleteObjects: 0.047400 ms)

========================================================================
Received Import Request.
  path: Assets/Scripts/Controllers/EndButtonController.cs
  artifactKey: Guid(1087c42280c077f4faed78baf211b518) Importer(815301076,1909f56bfc062723c751e8b465ee728b)
Start importing Assets/Scripts/Controllers/EndButtonController.cs using Guid(1087c42280c077f4faed78baf211b518) Importer(815301076,1909f56bfc062723c751e8b465ee728b)  -> (artifact id: 'c0cecefe7c760508f3e24aa1df91fd1d') in 0.018877 seconds
  Import took 0.020224 seconds .

========================================================================
Received Import Request.
  Time since last request: 530.726912 seconds.
  path: Assets/Scripts/Interfaces/IAttack.cs
  artifactKey: Guid(fda6433b05a1b11498cb86931843f5ae) Importer(815301076,1909f56bfc062723c751e8b465ee728b)
Start importing Assets/Scripts/Interfaces/IAttack.cs using Guid(fda6433b05a1b11498cb86931843f5ae) Importer(815301076,1909f56bfc062723c751e8b465ee728b)  -> (artifact id: 'bb9d79db72a711d0da7611364e2ff735') in 0.009292 seconds
  Import took 0.010938 seconds .

========================================================================
Received Import Request.
  Time since last request: 0.001041 seconds.
  path: Assets/Scripts/Interfaces/IAttack.cs
  artifactKey: Guid(fda6433b05a1b11498cb86931843f5ae) Importer(815301076,1909f56bfc062723c751e8b465ee728b)
Start importing Assets/Scripts/Interfaces/IAttack.cs using Guid(fda6433b05a1b11498cb86931843f5ae) Importer(815301076,1909f56bfc062723c751e8b465ee728b)  -> (artifact id: 'bb9d79db72a711d0da7611364e2ff735') in 0.002656 seconds
  Import took 0.003872 seconds .

========================================================================
Received Import Request.
  Time since last request: 1624.760931 seconds.
  path: Assets/Scripts/Managers/CommandManager.cs
  artifactKey: Guid(60406baa4c7f35e4bb161a239a3735c1) Importer(815301076,1909f56bfc062723c751e8b465ee728b)
Start importing Assets/Scripts/Managers/CommandManager.cs using Guid(60406baa4c7f35e4bb161a239a3735c1) Importer(815301076,1909f56bfc062723c751e8b465ee728b)  -> (artifact id: '921266a34380a8f084ca5db19658f9e4') in 0.008958 seconds
  Import took 0.010993 seconds .

AssetImportWorkerClient::OnTransportError - code=2 error=End of file
